1654619589829	geckodriver	INFO	Listening on 127.0.0.1:60945
1654619594972	geckodriver	INFO	Listening on 127.0.0.1:60963
1654619598207	mozrunner::runner	INFO	Running command: "C:\\Program Files\\Mozilla Firefox\\firefox.exe" "--marionette" "-no-remote" "-profile" "C:\\Users\\avivs\\AppData\\Local\\Temp\\rust_mozprofile9143fV"
1654619742010	geckodriver	INFO	Listening on 127.0.0.1:61011
1654619745184	mozrunner::runner	INFO	Running command: "C:\\Program Files\\Mozilla Firefox\\firefox.exe" "--marionette" "-no-remote" "-profile" "C:\\Users\\avivs\\AppData\\Local\\Temp\\rust_mozprofileX8hwqq"
1654619746324	Marionette	INFO	Marionette enabled
console.warn: SearchSettings: "get: No settings file exists, new profile?" (new NotFoundError("Could not open the file at C:\\Users\\avivs\\AppData\\Local\\Temp\\rust_mozprofileX8hwqq\\search.json.mozlz4", (void 0)))
1654619753585	Marionette	INFO	Listening on port 61037
Read port: 61037
1654619755083	RemoteAgent	WARN	TLS certificate errors will be ignored for this session
JavaScript warning: https://www.iaa.gov.il/_Incapsula_Resource?SWJIYLWA=719d34d31c8e3a6e6fffd425f7e032f3&ns=1&cb=1568066260, line 1: unreachable code after return statement
JavaScript warning: https://www.iaa.gov.il/_Incapsula_Resource?SWJIYLWA=719d34d31c8e3a6e6fffd425f7e032f3&ns=1&cb=1568066260, line 1: unreachable code after return statement
JavaScript warning: https://www.iaa.gov.il/_Incapsula_Resource?SWJIYLWA=719d34d31c8e3a6e6fffd425f7e032f3&ns=1&cb=1568066260 line 1 > eval, line 1: unreachable code after return statement
JavaScript warning: https://www.iaa.gov.il/_Incapsula_Resource?SWJIYLWA=719d34d31c8e3a6e6fffd425f7e032f3&ns=1&cb=1568066260 line 1 > eval, line 1: unreachable code after return statement
1654619774597	Marionette	INFO	Stopped listening on port 61037
JavaScript error: resource://gre/modules/UrlClassifierListManager.jsm, line 691: TypeError: this.tablesData[table] is undefined

###!!! [Parent][PGPUParent] Error: RunMessage(msgname=PGPU::Msg_ShutdownVR) Channel closing: too late to send/recv, messages will be lost

1654619792557	geckodriver	INFO	Listening on 127.0.0.1:61091
1654619795538	mozrunner::runner	INFO	Running command: "C:\\Program Files\\Mozilla Firefox\\firefox.exe" "--marionette" "-no-remote" "-profile" "C:\\Users\\avivs\\AppData\\Local\\Temp\\rust_mozprofile9u9yF1"
1654619796169	Marionette	INFO	Marionette enabled
console.warn: SearchSettings: "get: No settings file exists, new profile?" (new NotFoundError("Could not open the file at C:\\Users\\avivs\\AppData\\Local\\Temp\\rust_mozprofile9u9yF1\\search.json.mozlz4", (void 0)))
1654619800788	Marionette	INFO	Listening on port 61111
Read port: 61111
1654619801610	RemoteAgent	WARN	TLS certificate errors will be ignored for this session
JavaScript warning: https://www.iaa.gov.il/_Incapsula_Resource?SWJIYLWA=719d34d31c8e3a6e6fffd425f7e032f3&ns=1&cb=2069841706, line 1: unreachable code after return statement
JavaScript warning: https://www.iaa.gov.il/_Incapsula_Resource?SWJIYLWA=719d34d31c8e3a6e6fffd425f7e032f3&ns=1&cb=2069841706, line 1: unreachable code after return statement
JavaScript warning: https://www.iaa.gov.il/_Incapsula_Resource?SWJIYLWA=719d34d31c8e3a6e6fffd425f7e032f3&ns=1&cb=2069841706, line 1: unreachable code after return statement
JavaScript warning: https://www.iaa.gov.il/_Incapsula_Resource?SWJIYLWA=719d34d31c8e3a6e6fffd425f7e032f3&ns=1&cb=2069841706 line 1 > eval, line 1: unreachable code after return statement
JavaScript warning: https://www.iaa.gov.il/_Incapsula_Resource?SWJIYLWA=719d34d31c8e3a6e6fffd425f7e032f3&ns=1&cb=2069841706 line 1 > eval, line 1: unreachable code after return statement
1654619815335	Marionette	INFO	Stopped listening on port 61111
1654619823015	geckodriver	INFO	Listening on 127.0.0.1:61167
1654619825904	mozrunner::runner	INFO	Running command: "C:\\Program Files\\Mozilla Firefox\\firefox.exe" "--marionette" "-no-remote" "-profile" "C:\\Users\\avivs\\AppData\\Local\\Temp\\rust_mozprofileHqlDHt"
1654619826273	Marionette	INFO	Marionette enabled
JavaScript error: chrome://browser/content/tabbrowser.js, line 5317: TypeError: this.PictureInPicture is undefined
console.warn: SearchSettings: "get: No settings file exists, new profile?" (new NotFoundError("Could not open the file at C:\\Users\\avivs\\AppData\\Local\\Temp\\rust_mozprofileHqlDHt\\search.json.mozlz4", (void 0)))
JavaScript error: resource:///modules/CustomizableUI.jsm, line 4103: Error: Area not yet restored
JavaScript error: chrome://browser/content/tabbrowser.js, line 5317: TypeError: this.PictureInPicture is undefined
1654619889905	geckodriver	INFO	Listening on 127.0.0.1:61200
1654619892929	mozrunner::runner	INFO	Running command: "C:\\Program Files\\Mozilla Firefox\\firefox.exe" "--marionette" "-no-remote" "-profile" "C:\\Users\\avivs\\AppData\\Local\\Temp\\rust_mozprofiletOKHhp"
1654619893278	Marionette	INFO	Marionette enabled
console.warn: SearchSettings: "get: No settings file exists, new profile?" (new NotFoundError("Could not open the file at C:\\Users\\avivs\\AppData\\Local\\Temp\\rust_mozprofiletOKHhp\\search.json.mozlz4", (void 0)))
1654619897993	Marionette	INFO	Listening on port 61222
Read port: 61222
1654619898988	RemoteAgent	WARN	TLS certificate errors will be ignored for this session
JavaScript warning: https://www.iaa.gov.il/_Incapsula_Resource?SWJIYLWA=719d34d31c8e3a6e6fffd425f7e032f3&ns=1&cb=1075269691, line 1: unreachable code after return statement
JavaScript warning: https://www.iaa.gov.il/_Incapsula_Resource?SWJIYLWA=719d34d31c8e3a6e6fffd425f7e032f3&ns=1&cb=1075269691, line 1: unreachable code after return statement
JavaScript warning: https://www.iaa.gov.il/_Incapsula_Resource?SWJIYLWA=719d34d31c8e3a6e6fffd425f7e032f3&ns=1&cb=1075269691 line 1 > eval, line 1: unreachable code after return statement
JavaScript warning: https://www.iaa.gov.il/_Incapsula_Resource?SWJIYLWA=719d34d31c8e3a6e6fffd425f7e032f3&ns=1&cb=1075269691 line 1 > eval, line 1: unreachable code after return statement
1654619908976	Marionette	INFO	Stopped listening on port 61222
JavaScript error: chrome://remote/content/marionette/cert.js, line 55: NS_ERROR_NOT_AVAILABLE: Component returned failure code: 0x80040111 (NS_ERROR_NOT_AVAILABLE) [nsICertOverrideService.setDisableAllSecurityChecksAndLetAttackersInterceptMyData]
1654619918670	geckodriver	INFO	Listening on 127.0.0.1:61277
1654619921702	mozrunner::runner	INFO	Running command: "C:\\Program Files\\Mozilla Firefox\\firefox.exe" "--marionette" "-no-remote" "-profile" "C:\\Users\\avivs\\AppData\\Local\\Temp\\rust_mozprofile9tVfrr"
1654619922298	Marionette	INFO	Marionette enabled
console.warn: SearchSettings: "get: No settings file exists, new profile?" (new NotFoundError("Could not open the file at C:\\Users\\avivs\\AppData\\Local\\Temp\\rust_mozprofile9tVfrr\\search.json.mozlz4", (void 0)))
1654619926828	Marionette	INFO	Listening on port 61300
Read port: 61300
1654619927474	RemoteAgent	WARN	TLS certificate errors will be ignored for this session
JavaScript warning: https://www.iaa.gov.il/_Incapsula_Resource?SWJIYLWA=719d34d31c8e3a6e6fffd425f7e032f3&ns=1&cb=995463318, line 1: unreachable code after return statement
JavaScript warning: https://www.iaa.gov.il/_Incapsula_Resource?SWJIYLWA=719d34d31c8e3a6e6fffd425f7e032f3&ns=1&cb=995463318, line 1: unreachable code after return statement
JavaScript warning: https://www.iaa.gov.il/_Incapsula_Resource?SWJIYLWA=719d34d31c8e3a6e6fffd425f7e032f3&ns=1&cb=995463318, line 1: unreachable code after return statement
JavaScript warning: https://www.iaa.gov.il/_Incapsula_Resource?SWJIYLWA=719d34d31c8e3a6e6fffd425f7e032f3&ns=1&cb=995463318 line 1 > eval, line 1: unreachable code after return statement
JavaScript warning: https://www.iaa.gov.il/_Incapsula_Resource?SWJIYLWA=719d34d31c8e3a6e6fffd425f7e032f3&ns=1&cb=995463318 line 1 > eval, line 1: unreachable code after return statement
1654619939971	Marionette	INFO	Stopped listening on port 61300
JavaScript error: chrome://remote/content/marionette/cert.js, line 55: NS_ERROR_NOT_AVAILABLE: Component returned failure code: 0x80040111 (NS_ERROR_NOT_AVAILABLE) [nsICertOverrideService.setDisableAllSecurityChecksAndLetAttackersInterceptMyData]
[Parent 26636, IPC I/O Parent] WARNING: file /builds/worker/checkouts/gecko/ipc/chromium/src/base/process_util_win.cc:167
1654619960892	geckodriver	INFO	Listening on 127.0.0.1:61361
1654619963935	mozrunner::runner	INFO	Running command: "C:\\Program Files\\Mozilla Firefox\\firefox.exe" "--marionette" "-no-remote" "-profile" "C:\\Users\\avivs\\AppData\\Local\\Temp\\rust_mozprofileOPVtaQ"
1654619964319	Marionette	INFO	Marionette enabled
console.warn: SearchSettings: "get: No settings file exists, new profile?" (new NotFoundError("Could not open the file at C:\\Users\\avivs\\AppData\\Local\\Temp\\rust_mozprofileOPVtaQ\\search.json.mozlz4", (void 0)))
1654619968933	Marionette	INFO	Listening on port 61386
Read port: 61386
1654619969352	RemoteAgent	WARN	TLS certificate errors will be ignored for this session
JavaScript warning: https://www.iaa.gov.il/_Incapsula_Resource?SWJIYLWA=719d34d31c8e3a6e6fffd425f7e032f3&ns=1&cb=1363200175, line 1: unreachable code after return statement
JavaScript warning: https://www.iaa.gov.il/_Incapsula_Resource?SWJIYLWA=719d34d31c8e3a6e6fffd425f7e032f3&ns=1&cb=1363200175, line 1: unreachable code after return statement
JavaScript warning: https://www.iaa.gov.il/_Incapsula_Resource?SWJIYLWA=719d34d31c8e3a6e6fffd425f7e032f3&ns=1&cb=1363200175 line 1 > eval, line 1: unreachable code after return statement
JavaScript warning: https://www.iaa.gov.il/_Incapsula_Resource?SWJIYLWA=719d34d31c8e3a6e6fffd425f7e032f3&ns=1&cb=1363200175, line 1: unreachable code after return statement
JavaScript warning: https://www.iaa.gov.il/_Incapsula_Resource?SWJIYLWA=719d34d31c8e3a6e6fffd425f7e032f3&ns=1&cb=1363200175, line 1: unreachable code after return statement
JavaScript warning: https://www.iaa.gov.il/_Incapsula_Resource?SWJIYLWA=719d34d31c8e3a6e6fffd425f7e032f3&ns=1&cb=1363200175, line 1: unreachable code after return statement
JavaScript warning: https://www.iaa.gov.il/_Incapsula_Resource?SWJIYLWA=719d34d31c8e3a6e6fffd425f7e032f3&ns=1&cb=1363200175 line 1 > eval, line 1: unreachable code after return statement
JavaScript warning: https://www.iaa.gov.il/_Incapsula_Resource?SWJIYLWA=719d34d31c8e3a6e6fffd425f7e032f3&ns=1&cb=1363200175 line 1 > eval, line 1: unreachable code after return statement
JavaScript warning: https://www.iaa.gov.il/_Incapsula_Resource?SWJIYLWA=719d34d31c8e3a6e6fffd425f7e032f3&ns=1&cb=1363200175, line 1: unreachable code after return statement
JavaScript warning: https://www.iaa.gov.il/_Incapsula_Resource?SWJIYLWA=719d34d31c8e3a6e6fffd425f7e032f3&ns=1&cb=1363200175, line 1: unreachable code after return statement
JavaScript warning: https://www.iaa.gov.il/_Incapsula_Resource?SWJIYLWA=719d34d31c8e3a6e6fffd425f7e032f3&ns=1&cb=1363200175 line 1 > eval, line 1: unreachable code after return statement
JavaScript warning: https://www.iaa.gov.il/_Incapsula_Resource?SWJIYLWA=719d34d31c8e3a6e6fffd425f7e032f3&ns=1&cb=1363200175 line 1 > eval, line 1: unreachable code after return statement
1654619987732	Marionette	INFO	Stopped listening on port 61386
1654619994136	geckodriver	INFO	Listening on 127.0.0.1:61445
1654619997111	mozrunner::runner	INFO	Running command: "C:\\Program Files\\Mozilla Firefox\\firefox.exe" "--marionette" "-no-remote" "-profile" "C:\\Users\\avivs\\AppData\\Local\\Temp\\rust_mozprofileQH7mCV"
1654619997734	Marionette	INFO	Marionette enabled
console.warn: SearchSettings: "get: No settings file exists, new profile?" (new NotFoundError("Could not open the file at C:\\Users\\avivs\\AppData\\Local\\Temp\\rust_mozprofileQH7mCV\\search.json.mozlz4", (void 0)))
1654620003406	Marionette	INFO	Listening on port 61465
Read port: 61465
1654620003884	RemoteAgent	WARN	TLS certificate errors will be ignored for this session
JavaScript warning: https://www.iaa.gov.il/_Incapsula_Resource?SWJIYLWA=719d34d31c8e3a6e6fffd425f7e032f3&ns=1&cb=437936997, line 1: unreachable code after return statement
JavaScript warning: https://www.iaa.gov.il/_Incapsula_Resource?SWJIYLWA=719d34d31c8e3a6e6fffd425f7e032f3&ns=1&cb=437936997, line 1: unreachable code after return statement
JavaScript warning: https://www.iaa.gov.il/_Incapsula_Resource?SWJIYLWA=719d34d31c8e3a6e6fffd425f7e032f3&ns=1&cb=437936997, line 1: unreachable code after return statement
JavaScript warning: https://www.iaa.gov.il/_Incapsula_Resource?SWJIYLWA=719d34d31c8e3a6e6fffd425f7e032f3&ns=1&cb=437936997 line 1 > eval, line 1: unreachable code after return statement
JavaScript warning: https://www.iaa.gov.il/_Incapsula_Resource?SWJIYLWA=719d34d31c8e3a6e6fffd425f7e032f3&ns=1&cb=437936997 line 1 > eval, line 1: unreachable code after return statement
1654620023755	Marionette	INFO	Stopped listening on port 61465

###!!! [Parent][PContentParent] Error: Send(msgname=PContent::Msg_DestroyBrowsingContextGroup) Closed channel: cannot send/recv

[Parent 22288, IPC I/O Parent] WARNING: file /builds/worker/checkouts/gecko/ipc/chromium/src/base/process_util_win.cc:167

###!!! [Parent][PGPUParent] Error: RunMessage(msgname=PGPU::Msg_ShutdownVR) Channel closing: too late to send/recv, messages will be lost

1654620029301	geckodriver	INFO	Listening on 127.0.0.1:61528
1654620032323	mozrunner::runner	INFO	Running command: "C:\\Program Files\\Mozilla Firefox\\firefox.exe" "--marionette" "-no-remote" "-profile" "C:\\Users\\avivs\\AppData\\Local\\Temp\\rust_mozprofilemXs2KS"
1654620056170	geckodriver	INFO	Listening on 127.0.0.1:61539
1654620059217	mozrunner::runner	INFO	Running command: "C:\\Program Files\\Mozilla Firefox\\firefox.exe" "--marionette" "-no-remote" "-profile" "C:\\Users\\avivs\\AppData\\Local\\Temp\\rust_mozprofileHU5YqN"
1654620059693	Marionette	INFO	Marionette enabled
console.warn: SearchSettings: "get: No settings file exists, new profile?" (new NotFoundError("Could not open the file at C:\\Users\\avivs\\AppData\\Local\\Temp\\rust_mozprofileHU5YqN\\search.json.mozlz4", (void 0)))
1654620064222	Marionette	INFO	Listening on port 61560
Read port: 61560
1654620064814	RemoteAgent	WARN	TLS certificate errors will be ignored for this session
JavaScript warning: https://www.iaa.gov.il/_Incapsula_Resource?SWJIYLWA=719d34d31c8e3a6e6fffd425f7e032f3&ns=1&cb=197615301, line 1: unreachable code after return statement
JavaScript warning: https://www.iaa.gov.il/_Incapsula_Resource?SWJIYLWA=719d34d31c8e3a6e6fffd425f7e032f3&ns=1&cb=197615301, line 1: unreachable code after return statement
JavaScript warning: https://www.iaa.gov.il/_Incapsula_Resource?SWJIYLWA=719d34d31c8e3a6e6fffd425f7e032f3&ns=1&cb=197615301, line 1: unreachable code after return statement
JavaScript warning: https://www.iaa.gov.il/_Incapsula_Resource?SWJIYLWA=719d34d31c8e3a6e6fffd425f7e032f3&ns=1&cb=197615301 line 1 > eval, line 1: unreachable code after return statement
JavaScript warning: https://www.iaa.gov.il/_Incapsula_Resource?SWJIYLWA=719d34d31c8e3a6e6fffd425f7e032f3&ns=1&cb=197615301 line 1 > eval, line 1: unreachable code after return statement
1654620087951	Marionette	INFO	Stopped listening on port 61560
JavaScript error: chrome://remote/content/marionette/cert.js, line 55: NS_ERROR_NOT_AVAILABLE: Component returned failure code: 0x80040111 (NS_ERROR_NOT_AVAILABLE) [nsICertOverrideService.setDisableAllSecurityChecksAndLetAttackersInterceptMyData]
1654620321253	geckodriver	INFO	Listening on 127.0.0.1:61729
1654620324279	mozrunner::runner	INFO	Running command: "C:\\Program Files\\Mozilla Firefox\\firefox.exe" "--marionette" "-no-remote" "-profile" "C:\\Users\\avivs\\AppData\\Local\\Temp\\rust_mozprofileAfMp8Y"
1654620324702	Marionette	INFO	Marionette enabled
console.warn: SearchSettings: "get: No settings file exists, new profile?" (new NotFoundError("Could not open the file at C:\\Users\\avivs\\AppData\\Local\\Temp\\rust_mozprofileAfMp8Y\\search.json.mozlz4", (void 0)))
1654620329347	Marionette	INFO	Listening on port 61751
Read port: 61751
1654620330040	RemoteAgent	WARN	TLS certificate errors will be ignored for this session
JavaScript warning: https://www.iaa.gov.il/_Incapsula_Resource?SWJIYLWA=719d34d31c8e3a6e6fffd425f7e032f3&ns=1&cb=2119329649, line 1: unreachable code after return statement
JavaScript warning: https://www.iaa.gov.il/_Incapsula_Resource?SWJIYLWA=719d34d31c8e3a6e6fffd425f7e032f3&ns=1&cb=2119329649, line 1: unreachable code after return statement
JavaScript warning: https://www.iaa.gov.il/_Incapsula_Resource?SWJIYLWA=719d34d31c8e3a6e6fffd425f7e032f3&ns=1&cb=2119329649 line 1 > eval, line 1: unreachable code after return statement
JavaScript warning: https://www.iaa.gov.il/_Incapsula_Resource?SWJIYLWA=719d34d31c8e3a6e6fffd425f7e032f3&ns=1&cb=2119329649 line 1 > eval, line 1: unreachable code after return statement
1654620414546	geckodriver	INFO	Listening on 127.0.0.1:61820
1654620417554	mozrunner::runner	INFO	Running command: "C:\\Program Files\\Mozilla Firefox\\firefox.exe" "--marionette" "-no-remote" "-profile" "C:\\Users\\avivs\\AppData\\Local\\Temp\\rust_mozprofileiYeqWF"
1654620418738	Marionette	INFO	Marionette enabled
console.warn: SearchSettings: "get: No settings file exists, new profile?" (new NotFoundError("Could not open the file at C:\\Users\\avivs\\AppData\\Local\\Temp\\rust_mozprofileiYeqWF\\search.json.mozlz4", (void 0)))
1654620423880	Marionette	INFO	Listening on port 61844
Read port: 61844
1654620424826	RemoteAgent	WARN	TLS certificate errors will be ignored for this session
JavaScript warning: https://www.iaa.gov.il/_Incapsula_Resource?SWJIYLWA=719d34d31c8e3a6e6fffd425f7e032f3&ns=1&cb=1651547255, line 1: unreachable code after return statement
JavaScript warning: https://www.iaa.gov.il/_Incapsula_Resource?SWJIYLWA=719d34d31c8e3a6e6fffd425f7e032f3&ns=1&cb=1651547255, line 1: unreachable code after return statement
JavaScript warning: https://www.iaa.gov.il/_Incapsula_Resource?SWJIYLWA=719d34d31c8e3a6e6fffd425f7e032f3&ns=1&cb=1651547255 line 1 > eval, line 1: unreachable code after return statement
JavaScript warning: https://www.iaa.gov.il/_Incapsula_Resource?SWJIYLWA=719d34d31c8e3a6e6fffd425f7e032f3&ns=1&cb=1651547255 line 1 > eval, line 1: unreachable code after return statement
1654620476356	geckodriver	INFO	Listening on 127.0.0.1:61900
1654620479379	mozrunner::runner	INFO	Running command: "C:\\Program Files\\Mozilla Firefox\\firefox.exe" "--marionette" "-no-remote" "-profile" "C:\\Users\\avivs\\AppData\\Local\\Temp\\rust_mozprofilefjEQlS"
1654620480050	Marionette	INFO	Marionette enabled
console.warn: SearchSettings: "get: No settings file exists, new profile?" (new NotFoundError("Could not open the file at C:\\Users\\avivs\\AppData\\Local\\Temp\\rust_mozprofilefjEQlS\\search.json.mozlz4", (void 0)))
1654620486285	Marionette	INFO	Listening on port 61928
Read port: 61928
1654620486463	RemoteAgent	WARN	TLS certificate errors will be ignored for this session
JavaScript warning: https://www.iaa.gov.il/_Incapsula_Resource?SWJIYLWA=719d34d31c8e3a6e6fffd425f7e032f3&ns=1&cb=910556802, line 1: unreachable code after return statement
JavaScript warning: https://www.iaa.gov.il/_Incapsula_Resource?SWJIYLWA=719d34d31c8e3a6e6fffd425f7e032f3&ns=1&cb=910556802, line 1: unreachable code after return statement
JavaScript warning: https://www.iaa.gov.il/_Incapsula_Resource?SWJIYLWA=719d34d31c8e3a6e6fffd425f7e032f3&ns=1&cb=910556802, line 1: unreachable code after return statement
JavaScript warning: https://www.iaa.gov.il/_Incapsula_Resource?SWJIYLWA=719d34d31c8e3a6e6fffd425f7e032f3&ns=1&cb=910556802 line 1 > eval, line 1: unreachable code after return statement
JavaScript warning: https://www.iaa.gov.il/_Incapsula_Resource?SWJIYLWA=719d34d31c8e3a6e6fffd425f7e032f3&ns=1&cb=910556802 line 1 > eval, line 1: unreachable code after return statement
1654620505302	Marionette	INFO	Stopped listening on port 61928

###!!! [Parent][PContentParent] Error: Send(msgname=PContent::Msg_DestroyBrowsingContextGroup) Closed channel: cannot send/recv

JavaScript error: chrome://remote/content/marionette/cert.js, line 55: NS_ERROR_NOT_AVAILABLE: Component returned failure code: 0x80040111 (NS_ERROR_NOT_AVAILABLE) [nsICertOverrideService.setDisableAllSecurityChecksAndLetAttackersInterceptMyData]
